This is pdfTeX, Version 3.14159265-2.6-1.40.18 (TeX Live 2017/Debian) (preloaded format=pdflatex 2020.2.20)  21 OCT 2020 19:17
entering extended mode
 restricted \write18 enabled.
 %&-line parsing enabled.
**GalkinVA_PracticalTask.tex
(./GalkinVA_PracticalTask.tex
LaTeX2e <2017-04-15>
Babel <3.18> and hyphenation patterns for 84 language(s) loaded.
(/usr/share/texlive/texmf-dist/tex/latex/base/article.cls
Document Class: article 2014/09/29 v1.4h Standard LaTeX document class
(/usr/share/texlive/texmf-dist/tex/latex/base/size12.clo
File: size12.clo 2014/09/29 v1.4h Standard LaTeX file (size option)
)
\c@part=\count79
\c@section=\count80
\c@subsection=\count81
\c@subsubsection=\count82
\c@paragraph=\count83
\c@subparagraph=\count84
\c@figure=\count85
\c@table=\count86
\abovecaptionskip=\skip41
\belowcaptionskip=\skip42
\bibindent=\dimen102
)
(/usr/share/texlive/texmf-dist/tex/latex/base/inputenc.sty
Package: inputenc 2015/03/17 v1.2c Input encoding file
\inpenc@prehook=\toks14
\inpenc@posthook=\toks15

(/usr/share/texlive/texmf-dist/tex/latex/cyrillic/cp1251.def
File: cp1251.def 2014/10/28 v1.0d Input encoding file
))
(/usr/share/texlive/texmf-dist/tex/latex/base/fontenc.sty
Package: fontenc 2017/04/05 v2.0i Standard LaTeX package

(/usr/share/texlive/texmf-dist/tex/latex/cyrillic/t2aenc.def
File: t2aenc.def 2005/09/27 v1.0i Cyrillic encoding definition file
)
LaTeX Font Info:    Try loading font information for T2A+cmr on input line 105.


(/usr/share/texlive/texmf-dist/tex/latex/cyrillic/t2acmr.fd
File: t2acmr.fd 2001/08/11 v1.0a Computer Modern Cyrillic font definitions
))
(/usr/share/texlive/texmf-dist/tex/generic/babel/babel.sty
Package: babel 2018/02/14 3.18 The Babel package

(/usr/share/texlive/texmf-dist/tex/generic/babel/switch.def
File: switch.def 2018/02/14 3.18 Babel switching mechanism
)
(/usr/share/texlive/texmf-dist/tex/generic/babel-russian/russianb.ldf
Language: russian 2017/08/12 1.3j Russian support for the Babel system

(/usr/share/texlive/texmf-dist/tex/generic/babel/babel.def
File: babel.def 2018/02/14 3.18 Babel common definitions
\babel@savecnt=\count87
\U@D=\dimen103

(/usr/share/texlive/texmf-dist/tex/generic/babel/txtbabel.def)
\bbl@dirlevel=\count88
)
Package babel Info: Making " an active character on input line 120.
Package babel Info: Default for \cyrdash is provided on input line 157.
))
(/usr/share/texlive/texmf-dist/tex/latex/hyperref/hyperref.sty
Package: hyperref 2018/02/06 v6.86b Hypertext links for LaTeX

(/usr/share/texlive/texmf-dist/tex/generic/oberdiek/hobsub-hyperref.sty
Package: hobsub-hyperref 2016/05/16 v1.14 Bundle oberdiek, subset hyperref (HO)


(/usr/share/texlive/texmf-dist/tex/generic/oberdiek/hobsub-generic.sty
Package: hobsub-generic 2016/05/16 v1.14 Bundle oberdiek, subset generic (HO)
Package: hobsub 2016/05/16 v1.14 Construct package bundles (HO)
Package: infwarerr 2016/05/16 v1.4 Providing info/warning/error messages (HO)
Package: ltxcmds 2016/05/16 v1.23 LaTeX kernel commands for general use (HO)
Package: ifluatex 2016/05/16 v1.4 Provides the ifluatex switch (HO)
Package ifluatex Info: LuaTeX not detected.
Package: ifvtex 2016/05/16 v1.6 Detect VTeX and its facilities (HO)
Package ifvtex Info: VTeX not detected.
Package: intcalc 2016/05/16 v1.2 Expandable calculations with integers (HO)
Package: ifpdf 2017/03/15 v3.2 Provides the ifpdf switch
Package: etexcmds 2016/05/16 v1.6 Avoid name clashes with e-TeX commands (HO)
Package etexcmds Info: Could not find \expanded.
(etexcmds)             That can mean that you are not using pdfTeX 1.50 or
(etexcmds)             that some package has redefined \expanded.
(etexcmds)             In the latter case, load this package earlier.
Package: kvsetkeys 2016/05/16 v1.17 Key value parser (HO)
Package: kvdefinekeys 2016/05/16 v1.4 Define keys (HO)
Package: pdftexcmds 2018/01/21 v0.26 Utility functions of pdfTeX for LuaTeX (HO
)
Package pdftexcmds Info: LuaTeX not detected.
Package pdftexcmds Info: \pdf@primitive is available.
Package pdftexcmds Info: \pdf@ifprimitive is available.
Package pdftexcmds Info: \pdfdraftmode found.
Package: pdfescape 2016/05/16 v1.14 Implements pdfTeX's escape features (HO)
Package: bigintcalc 2016/05/16 v1.4 Expandable calculations on big integers (HO
)
Package: bitset 2016/05/16 v1.2 Handle bit-vector datatype (HO)
Package: uniquecounter 2016/05/16 v1.3 Provide unlimited unique counter (HO)
)
Package hobsub Info: Skipping package `hobsub' (already loaded).
Package: letltxmacro 2016/05/16 v1.5 Let assignment for LaTeX macros (HO)
Package: hopatch 2016/05/16 v1.3 Wrapper for package hooks (HO)
Package: xcolor-patch 2016/05/16 xcolor patch
Package: atveryend 2016/05/16 v1.9 Hooks at the very end of document (HO)
Package atveryend Info: \enddocument detected (standard20110627).
Package: atbegshi 2016/06/09 v1.18 At begin shipout hook (HO)
Package: refcount 2016/05/16 v3.5 Data extraction from label references (HO)
Package: hycolor 2016/05/16 v1.8 Color options for hyperref/bookmark (HO)
)
(/usr/share/texlive/texmf-dist/tex/latex/graphics/keyval.sty
Package: keyval 2014/10/28 v1.15 key=value parser (DPC)
\KV@toks@=\toks16
)
(/usr/share/texlive/texmf-dist/tex/generic/ifxetex/ifxetex.sty
Package: ifxetex 2010/09/12 v0.6 Provides ifxetex conditional
)
(/usr/share/texlive/texmf-dist/tex/latex/oberdiek/auxhook.sty
Package: auxhook 2016/05/16 v1.4 Hooks for auxiliary files (HO)
)
(/usr/share/texlive/texmf-dist/tex/latex/oberdiek/kvoptions.sty
Package: kvoptions 2016/05/16 v3.12 Key value format for package options (HO)
)
\@linkdim=\dimen104
\Hy@linkcounter=\count89
\Hy@pagecounter=\count90

(/usr/share/texlive/texmf-dist/tex/latex/hyperref/pd1enc.def
File: pd1enc.def 2018/02/06 v6.86b Hyperref: PDFDocEncoding definition (HO)
)
\Hy@SavedSpaceFactor=\count91
Package hyperref Info: Option `unicode' set `true' on input line 3456.

(/usr/share/texlive/texmf-dist/tex/latex/hyperref/puenc.def
File: puenc.def 2018/02/06 v6.86b Hyperref: PDF Unicode definition (HO)
)
(/usr/share/texlive/texmf-dist/tex/latex/latexconfig/hyperref.cfg
File: hyperref.cfg 2002/06/06 v1.2 hyperref configuration of TeXLive
)
Package hyperref Info: Hyper figures OFF on input line 4509.
Package hyperref Info: Link nesting OFF on input line 4514.
Package hyperref Info: Hyper index ON on input line 4517.
Package hyperref Info: Plain pages OFF on input line 4524.
Package hyperref Info: Backreferencing OFF on input line 4529.
Package hyperref Info: Implicit mode ON; LaTeX internals redefined.
Package hyperref Info: Bookmarks ON on input line 4762.
\c@Hy@tempcnt=\count92

(/usr/share/texlive/texmf-dist/tex/latex/url/url.sty
\Urlmuskip=\muskip10
Package: url 2013/09/16  ver 3.4  Verb mode for urls, etc.
)
LaTeX Info: Redefining \url on input line 5115.
\XeTeXLinkMargin=\dimen105
\Fld@menulength=\count93
\Field@Width=\dimen106
\Fld@charsize=\dimen107
Package hyperref Info: Hyper figures OFF on input line 6369.
Package hyperref Info: Link nesting OFF on input line 6374.
Package hyperref Info: Hyper index ON on input line 6377.
Package hyperref Info: backreferencing OFF on input line 6384.
Package hyperref Info: Link coloring OFF on input line 6389.
Package hyperref Info: Link coloring with OCG OFF on input line 6394.
Package hyperref Info: PDF/A mode OFF on input line 6399.
LaTeX Info: Redefining \ref on input line 6439.
LaTeX Info: Redefining \pageref on input line 6443.
\Hy@abspage=\count94
\c@Item=\count95
\c@Hfootnote=\count96
)
Package hyperref Info: Driver (autodetected): hpdftex.

(/usr/share/texlive/texmf-dist/tex/latex/hyperref/hpdftex.def
File: hpdftex.def 2018/02/06 v6.86b Hyperref driver for pdfTeX
\Fld@listcount=\count97
\c@bookmark@seq@number=\count98

(/usr/share/texlive/texmf-dist/tex/latex/oberdiek/rerunfilecheck.sty
Package: rerunfilecheck 2016/05/16 v1.8 Rerun checks for auxiliary files (HO)
Package uniquecounter Info: New unique counter `rerunfilecheck' on input line 2
82.
)
\Hy@SectionHShift=\skip43
)
(./project.sty
Package: project 12/03/2014 V.2.0. Yearly Essay. Marchevsky Ilia, Titul list. P
uzikova V.V.
 (/usr/share/texlive/texmf-dist/tex/latex/amsfonts/amssymb.sty
Package: amssymb 2013/01/14 v3.01 AMS font symbols

(/usr/share/texlive/texmf-dist/tex/latex/amsfonts/amsfonts.sty
Package: amsfonts 2013/01/14 v3.01 Basic AMSFonts support
\@emptytoks=\toks17
\symAMSa=\mathgroup4
\symAMSb=\mathgroup5
LaTeX Font Info:    Overwriting math alphabet `\mathfrak' in version `bold'
(Font)                  U/euf/m/n --> U/euf/b/n on input line 106.
))
(/usr/share/texlive/texmf-dist/tex/latex/amsmath/amsmath.sty
Package: amsmath 2017/09/02 v2.17a AMS math features
\@mathmargin=\skip44

For additional information on amsmath, use the `?' option.
(/usr/share/texlive/texmf-dist/tex/latex/amsmath/amstext.sty
Package: amstext 2000/06/29 v2.01 AMS text

(/usr/share/texlive/texmf-dist/tex/latex/amsmath/amsgen.sty
File: amsgen.sty 1999/11/30 v2.0 generic functions
\@emptytoks=\toks18
\ex@=\dimen108
))
(/usr/share/texlive/texmf-dist/tex/latex/amsmath/amsbsy.sty
Package: amsbsy 1999/11/29 v1.2d Bold Symbols
\pmbraise@=\dimen109
)
(/usr/share/texlive/texmf-dist/tex/latex/amsmath/amsopn.sty
Package: amsopn 2016/03/08 v2.02 operator names
)
\inf@bad=\count99
LaTeX Info: Redefining \frac on input line 213.
\uproot@=\count100
\leftroot@=\count101
LaTeX Info: Redefining \overline on input line 375.
\classnum@=\count102
\DOTSCASE@=\count103
LaTeX Info: Redefining \ldots on input line 472.
LaTeX Info: Redefining \dots on input line 475.
LaTeX Info: Redefining \cdots on input line 596.
\Mathstrutbox@=\box26
\strutbox@=\box27
\big@size=\dimen110
LaTeX Font Info:    Redeclaring font encoding OML on input line 712.
LaTeX Font Info:    Redeclaring font encoding OMS on input line 713.
\macc@depth=\count104
\c@MaxMatrixCols=\count105
\dotsspace@=\muskip11
\c@parentequation=\count106
\dspbrk@lvl=\count107
\tag@help=\toks19
\row@=\count108
\column@=\count109
\maxfields@=\count110
\andhelp@=\toks20
\eqnshift@=\dimen111
\alignsep@=\dimen112
\tagshift@=\dimen113
\tagwidth@=\dimen114
\totwidth@=\dimen115
\lineht@=\dimen116
\@envbody=\toks21
\multlinegap=\skip45
\multlinetaggap=\skip46
\mathdisplay@stack=\toks22
LaTeX Info: Redefining \[ on input line 2817.
LaTeX Info: Redefining \] on input line 2818.
)
(/usr/share/texlive/texmf-dist/tex/latex/cite/cite.sty
LaTeX Info: Redefining \cite on input line 302.
LaTeX Info: Redefining \nocite on input line 332.
Package: cite 2015/02/27  v 5.5
)
(/usr/share/texlive/texmf-dist/tex/latex/caption/caption.sty
Package: caption 2016/02/21 v3.3-144 Customizing captions (AR)

(/usr/share/texlive/texmf-dist/tex/latex/caption/caption3.sty
Package: caption3 2016/05/22 v1.7-166 caption3 kernel (AR)
Package caption3 Info: TeX engine: e-TeX on input line 67.
\captionmargin=\dimen117
\captionmargin@=\dimen118
\captionwidth=\dimen119
\caption@tempdima=\dimen120
\caption@indent=\dimen121
\caption@parindent=\dimen122
\caption@hangindent=\dimen123
)
\c@ContinuedFloat=\count111
Package caption Info: hyperref package is loaded.
)
(/usr/share/texlive/texmf-dist/tex/latex/cmap/cmap.sty
Package: cmap 2008/03/06 v1.0h CMap support: searchable PDF


Package cmap Warning: fontenc already loaded - some fonts may be unprocessed.

) (/usr/share/texlive/texmf-dist/tex/latex/graphics/graphicx.sty
Package: graphicx 2017/06/01 v1.1a Enhanced LaTeX Graphics (DPC,SPQR)

(/usr/share/texlive/texmf-dist/tex/latex/graphics/graphics.sty
Package: graphics 2017/06/25 v1.2c Standard LaTeX Graphics (DPC,SPQR)

(/usr/share/texlive/texmf-dist/tex/latex/graphics/trig.sty
Package: trig 2016/01/03 v1.10 sin cos tan (DPC)
)
(/usr/share/texlive/texmf-dist/tex/latex/graphics-cfg/graphics.cfg
File: graphics.cfg 2016/06/04 v1.11 sample graphics configuration
)
Package graphics Info: Driver file: pdftex.def on input line 99.

(/usr/share/texlive/texmf-dist/tex/latex/graphics-def/pdftex.def
File: pdftex.def 2018/01/08 v1.0l Graphics/color driver for pdftex
))
\Gin@req@height=\dimen124
\Gin@req@width=\dimen125
)
(/usr/share/texlive/texmf-dist/tex/latex/tools/indentfirst.sty
Package: indentfirst 1995/11/23 v1.03 Indent first paragraph (DPC)
)
Package hyperref Info: Option `unicode' set `true' on input line 534.
Package hyperref Info: Option `colorlinks' set `true' on input line 534.


Package hyperref Warning: Option `bookmarks' has already been used,
(hyperref)                setting the option has no effect on input line 534.

\@oldcatcode=\count112
) (./GalkinVA_PracticalTask.aux

LaTeX Warning: Label `sec: Task7' multiply defined.

)
\openout1 = `GalkinVA_PracticalTask.aux'.

LaTeX Font Info:    Checking defaults for OML/cmm/m/it on input line 9.
LaTeX Font Info:    ... okay on input line 9.
LaTeX Font Info:    Checking defaults for T1/cmr/m/n on input line 9.
LaTeX Font Info:    ... okay on input line 9.
LaTeX Font Info:    Checking defaults for OT1/cmr/m/n on input line 9.
LaTeX Font Info:    ... okay on input line 9.
LaTeX Font Info:    Checking defaults for OMS/cmsy/m/n on input line 9.
LaTeX Font Info:    ... okay on input line 9.
LaTeX Font Info:    Checking defaults for OMX/cmex/m/n on input line 9.
LaTeX Font Info:    ... okay on input line 9.
LaTeX Font Info:    Checking defaults for U/cmr/m/n on input line 9.
LaTeX Font Info:    ... okay on input line 9.
LaTeX Font Info:    Checking defaults for T2A/cmr/m/n on input line 9.
LaTeX Font Info:    ... okay on input line 9.
LaTeX Font Info:    Checking defaults for PD1/pdf/m/n on input line 9.
LaTeX Font Info:    ... okay on input line 9.
LaTeX Font Info:    Checking defaults for PU/pdf/m/n on input line 9.
LaTeX Font Info:    ... okay on input line 9.
\AtBeginShipoutBox=\box28
 (/usr/share/texlive/texmf-dist/tex/latex/graphics/color.sty
Package: color 2016/07/10 v1.1e Standard LaTeX Color (DPC)

(/usr/share/texlive/texmf-dist/tex/latex/graphics-cfg/color.cfg
File: color.cfg 2016/01/02 v1.6 sample color configuration
)
Package color Info: Driver file: pdftex.def on input line 147.
)
Package hyperref Info: Link coloring ON on input line 9.

(/usr/share/texlive/texmf-dist/tex/latex/hyperref/nameref.sty
Package: nameref 2016/05/21 v2.44 Cross-referencing by name of section

(/usr/share/texlive/texmf-dist/tex/generic/oberdiek/gettitlestring.sty
Package: gettitlestring 2016/05/16 v1.5 Cleanup title references (HO)
)
\c@section@level=\count113
)
LaTeX Info: Redefining \ref on input line 9.
LaTeX Info: Redefining \pageref on input line 9.
LaTeX Info: Redefining \nameref on input line 9.

(./GalkinVA_PracticalTask.out) (./GalkinVA_PracticalTask.out)
\@outlinefile=\write3
\openout3 = `GalkinVA_PracticalTask.out'.

Package caption Info: Begin \AtBeginDocument code.
Package caption Info: End \AtBeginDocument code.

(/usr/share/texlive/texmf-dist/tex/context/base/mkii/supp-pdf.mkii
[Loading MPS to PDF converter (version 2006.09.02).]
\scratchcounter=\count114
\scratchdimen=\dimen126
\scratchbox=\box29
\nofMPsegments=\count115
\nofMParguments=\count116
\everyMPshowfont=\toks23
\MPscratchCnt=\count117
\MPscratchDim=\dimen127
\MPnumerator=\count118
\makeMPintoPDFobject=\count119
\everyMPtoPDFconversion=\toks24
) (/usr/share/texlive/texmf-dist/tex/latex/oberdiek/epstopdf-base.sty
Package: epstopdf-base 2016/05/15 v2.6 Base part for package epstopdf

(/usr/share/texlive/texmf-dist/tex/latex/oberdiek/grfext.sty
Package: grfext 2016/05/16 v1.2 Manage graphics extensions (HO)
)
Package epstopdf-base Info: Redefining graphics rule for `.eps' on input line 4
38.
Package grfext Info: Graphics extension search list:
(grfext)             [.pdf,.png,.jpg,.mps,.jpeg,.jbig2,.jb2,.PDF,.PNG,.JPG,.JPE
G,.JBIG2,.JB2,.eps]
(grfext)             \AppendGraphicsExtensions on input line 456.

(/usr/share/texlive/texmf-dist/tex/latex/latexconfig/epstopdf-sys.cfg
File: epstopdf-sys.cfg 2010/07/13 v1.3 Configuration of (r)epstopdf for TeX Liv
e
))<<t2a.cmap>>
\ML=\skip47
<<ot1.cmap>><<oml.cmap>><<oms.cmap>><<omx.cmap>>
LaTeX Font Info:    Try loading font information for U+msa on input line 38.

(/usr/share/texlive/texmf-dist/tex/latex/amsfonts/umsa.fd
File: umsa.fd 2013/01/14 v3.01 AMS symbols A
)
LaTeX Font Info:    Try loading font information for U+msb on input line 38.

(/usr/share/texlive/texmf-dist/tex/latex/amsfonts/umsb.fd
File: umsb.fd 2013/01/14 v3.01 AMS symbols B
)
Package babel Info: Redefining russian shorthand "|
(babel)             in language append on input line 53.
Package babel Info: Redefining russian shorthand "~
(babel)             in language append on input line 53.
Package babel Info: Redefining russian shorthand "|
(babel)             in language append on input line 53.
Package babel Info: Redefining russian shorthand "~
(babel)             in language append on input line 53.
 [1

{/var/lib/texmf/fonts/map/pdftex/updmap/pdftex.map}]
Package babel Info: Redefining russian shorthand "|
(babel)             in language append on input line 55.
Package babel Info: Redefining russian shorthand "~
(babel)             in language append on input line 55.
<FrechetDist.png, id=47, 608.2725pt x 606.265pt>
File: FrechetDist.png Graphic file (type png)
<use FrechetDist.png>
Package pdftex.def Info: FrechetDist.png  used on input line 80.
(pdftex.def)             Requested size: 136.5746pt x 136.11696pt.

Underfull \hbox (badness 1072) in paragraph at lines 81--81
[]\T2A/cmr/m/n/12 Рис. 1.1. Рас-пре-де-ле-ние
 []

<Frechet_pdfwik.png, id=49, 1284.8pt x 981.6675pt>
File: Frechet_pdfwik.png Graphic file (type png)
<use Frechet_pdfwik.png>
Package pdftex.def Info: Frechet_pdfwik.png  used on input line 86.
(pdftex.def)             Requested size: 136.5746pt x 104.34386pt.

Underfull \hbox (badness 2707) in paragraph at lines 87--87
\T2A/cmr/m/n/12 но-сти ве-ро-ят-но-сти рас-
 []

Package babel Info: Redefining russian shorthand "|
(babel)             in language append on input line 99.
Package babel Info: Redefining russian shorthand "~
(babel)             in language append on input line 99.
Package babel Info: Redefining russian shorthand "|
(babel)             in language append on input line 114.
Package babel Info: Redefining russian shorthand "~
(babel)             in language append on input line 114.
Package babel Info: Redefining russian shorthand "|
(babel)             in language append on input line 114.
Package babel Info: Redefining russian shorthand "~
(babel)             in language append on input line 114.
pdfTeX warning (ext4): destination with the same identifier (name{page.1}) has 
been already used, duplicate ignored
<to be read again> 
                   \relax 
l.114 
       [1 <./FrechetDist.png> <./Frechet_pdfwik.png>]
<Statdependencep.png, id=71, 951.555pt x 608.2725pt>
File: Statdependencep.png Graphic file (type png)
<use Statdependencep.png>
Package pdftex.def Info: Statdependencep.png  used on input line 119.
(pdftex.def)             Requested size: 455.24408pt x 291.01149pt.
Package babel Info: Redefining russian shorthand "|
(babel)             in language append on input line 131.
Package babel Info: Redefining russian shorthand "~
(babel)             in language append on input line 131.
Package babel Info: Redefining russian shorthand "|
(babel)             in language append on input line 131.
Package babel Info: Redefining russian shorthand "~
(babel)             in language append on input line 131.
 [2 <./Statdependencep.png>]
Package babel Info: Redefining russian shorthand "|
(babel)             in language append on input line 133.
Package babel Info: Redefining russian shorthand "~
(babel)             in language append on input line 133.
<QQ0.png, id=79, 402.50375pt x 280.04625pt>
File: QQ0.png Graphic file (type png)
<use QQ0.png>
Package pdftex.def Info: QQ0.png  used on input line 150.
(pdftex.def)             Requested size: 168.43808pt x 117.1913pt.
<QQ10.png, id=80, 391.4625pt x 280.04625pt>
File: QQ10.png Graphic file (type png)
<use QQ10.png>
Package pdftex.def Info: QQ10.png  used on input line 154.
(pdftex.def)             Requested size: 168.43808pt x 120.49872pt.
<QQ25.png, id=81, 401.5pt x 280.04625pt>
File: QQ25.png Graphic file (type png)
<use QQ25.png>
Package pdftex.def Info: QQ25.png  used on input line 158.
(pdftex.def)             Requested size: 168.43808pt x 117.48615pt.
<QQ50.png, id=82, 392.46625pt x 280.04625pt>
File: QQ50.png Graphic file (type png)
<use QQ50.png>
Package pdftex.def Info: QQ50.png  used on input line 162.
(pdftex.def)             Requested size: 168.43808pt x 120.19106pt.
Package babel Info: Redefining russian shorthand "|
(babel)             in language append on input line 172.
Package babel Info: Redefining russian shorthand "~
(babel)             in language append on input line 172.
Package babel Info: Redefining russian shorthand "|
(babel)             in language append on input line 172.
Package babel Info: Redefining russian shorthand "~
(babel)             in language append on input line 172.
 [3

 <./QQ0.png> <./QQ10.png> <./QQ25.png> <./QQ50.png>]
Package babel Info: Redefining russian shorthand "|
(babel)             in language append on input line 183.
Package babel Info: Redefining russian shorthand "~
(babel)             in language append on input line 183.
Package babel Info: Redefining russian shorthand "|
(babel)             in language append on input line 183.
Package babel Info: Redefining russian shorthand "~
(babel)             in language append on input line 183.
 [4]
Package babel Info: Redefining russian shorthand "|
(babel)             in language append on input line 185.
Package babel Info: Redefining russian shorthand "~
(babel)             in language append on input line 185.
<DependenceEnu.png, id=101, 399.4925pt x 281.05pt>
File: DependenceEnu.png Graphic file (type png)
<use DependenceEnu.png>
Package pdftex.def Info: DependenceEnu.png  used on input line 197.
(pdftex.def)             Requested size: 318.66946pt x 224.20131pt.
Package babel Info: Redefining russian shorthand "|
(babel)             in language append on input line 214.
Package babel Info: Redefining russian shorthand "~
(babel)             in language append on input line 214.
Package babel Info: Redefining russian shorthand "|
(babel)             in language append on input line 214.
Package babel Info: Redefining russian shorthand "~
(babel)             in language append on input line 214.
 [5

 <./DependenceEnu.png>]
Package babel Info: Redefining russian shorthand "|
(babel)             in language append on input line 216.
Package babel Info: Redefining russian shorthand "~
(babel)             in language append on input line 216.

Overfull \hbox (12.91121pt too wide) in paragraph at lines 250--251
[]\T2A/cmr/m/n/12 Следует от-ме-тить, что по-ве-де-ние оцен-ки Хил-ла де-мон-ст
ри-ру-ет ста-биль-ность при $\OML/cmm/m/it/12 k \OMS/cmsy/m/n/12 2
 []

<HillEstimator.png, id=114, 385.44pt x 279.0425pt>
File: HillEstimator.png Graphic file (type png)
<use HillEstimator.png>
Package pdftex.def Info: HillEstimator.png  used on input line 254.
(pdftex.def)             Requested size: 213.96527pt x 154.90022pt.
<Ratiostimator.png, id=115, 387.4475pt x 279.0425pt>
File: Ratiostimator.png Graphic file (type png)
<use Ratiostimator.png>
Package pdftex.def Info: Ratiostimator.png  used on input line 258.
(pdftex.def)             Requested size: 213.96527pt x 154.09975pt.
<MomentEstimator.png, id=116, 385.44pt x 279.0425pt>
File: MomentEstimator.png Graphic file (type png)
<use MomentEstimator.png>
Package pdftex.def Info: MomentEstimator.png  used on input line 262.
(pdftex.def)             Requested size: 213.96527pt x 154.90022pt.
<PickandsEstimator.png, id=117, 385.44pt x 279.0425pt>
File: PickandsEstimator.png Graphic file (type png)
<use PickandsEstimator.png>
Package pdftex.def Info: PickandsEstimator.png  used on input line 266.
(pdftex.def)             Requested size: 213.96527pt x 154.90022pt.
<UHEstimator.png, id=118, 385.44pt x 279.0425pt>
File: UHEstimator.png Graphic file (type png)
<use UHEstimator.png>
Package pdftex.def Info: UHEstimator.png  used on input line 270.
(pdftex.def)             Requested size: 213.96527pt x 154.90022pt.

LaTeX Warning: `!h' float specifier changed to `!ht'.

Package babel Info: Redefining russian shorthand "|
(babel)             in language append on input line 276.
Package babel Info: Redefining russian shorthand "~
(babel)             in language append on input line 276.
Package babel Info: Redefining russian shorthand "|
(babel)             in language append on input line 276.
Package babel Info: Redefining russian shorthand "~
(babel)             in language append on input line 276.
[6

]
Package babel Info: Redefining russian shorthand "|
(babel)             in language append on input line 276.
Package babel Info: Redefining russian shorthand "~
(babel)             in language append on input line 276.
Package babel Info: Redefining russian shorthand "|
(babel)             in language append on input line 276.
Package babel Info: Redefining russian shorthand "~
(babel)             in language append on input line 276.
 [7 <./HillEstimator.png> <./Ratiostimator.png> <./MomentEstimator.png> <./Pick
andsEstimator.png> <./UHEstimator.png>]
Package babel Info: Redefining russian shorthand "|
(babel)             in language append on input line 278.
Package babel Info: Redefining russian shorthand "~
(babel)             in language append on input line 278.
<RVDl1.png, id=139, 614.295pt x 606.265pt>
File: RVDl1.png Graphic file (type png)
<use RVDl1.png>
Package pdftex.def Info: RVDl1.png  used on input line 312.
(pdftex.def)             Requested size: 213.96527pt x 211.16908pt.
<RVDl2.png, id=140, 614.295pt x 606.265pt>
File: RVDl2.png Graphic file (type png)
<use RVDl2.png>
Package pdftex.def Info: RVDl2.png  used on input line 316.
(pdftex.def)             Requested size: 213.96527pt x 211.16908pt.
<Weibull12.png, id=141, 614.295pt x 606.265pt>
File: Weibull12.png Graphic file (type png)
<use Weibull12.png>
Package pdftex.def Info: Weibull12.png  used on input line 320.
(pdftex.def)             Requested size: 213.96527pt x 211.16908pt.
<Weibull23.png, id=142, 614.295pt x 606.265pt>
File: Weibull23.png Graphic file (type png)
<use Weibull23.png>
Package pdftex.def Info: Weibull23.png  used on input line 324.
(pdftex.def)             Requested size: 213.96527pt x 211.16908pt.


LaTeX Warning: `!h' float specifier changed to `!ht'.

Package babel Info: Redefining russian shorthand "|
(babel)             in language append on input line 330.
Package babel Info: Redefining russian shorthand "~
(babel)             in language append on input line 330.
Package babel Info: Redefining russian shorthand "|
(babel)             in language append on input line 330.
Package babel Info: Redefining russian shorthand "~
(babel)             in language append on input line 330.
[8

]
Package babel Info: Redefining russian shorthand "|
(babel)             in language append on input line 330.
Package babel Info: Redefining russian shorthand "~
(babel)             in language append on input line 330.
Package babel Info: Redefining russian shorthand "|
(babel)             in language append on input line 330.
Package babel Info: Redefining russian shorthand "~
(babel)             in language append on input line 330.
 [9 <./RVDl1.png> <./RVDl2.png> <./Weibull12.png> <./Weibull23.png>]
<RVD1Hill.png, id=162, 387.4475pt x 279.0425pt>
File: RVD1Hill.png Graphic file (type png)
<use RVD1Hill.png>
Package pdftex.def Info: RVD1Hill.png  used on input line 335.
(pdftex.def)             Requested size: 213.96527pt x 154.09975pt.
<RVD2Hill.png, id=163, 387.4475pt x 279.0425pt>
File: RVD2Hill.png Graphic file (type png)
<use RVD2Hill.png>
Package pdftex.def Info: RVD2Hill.png  used on input line 339.
(pdftex.def)             Requested size: 213.96527pt x 154.09975pt.
<Weibull12Hill.png, id=164, 377.41pt x 279.0425pt>
File: Weibull12Hill.png Graphic file (type png)
<use Weibull12Hill.png>
Package pdftex.def Info: Weibull12Hill.png  used on input line 343.
(pdftex.def)             Requested size: 213.96527pt x 158.19579pt.
<Weibull23Hill.png, id=165, 383.4325pt x 279.0425pt>
File: Weibull23Hill.png Graphic file (type png)
<use Weibull23Hill.png>
Package pdftex.def Info: Weibull23Hill.png  used on input line 347.
(pdftex.def)             Requested size: 213.96527pt x 155.71346pt.
Package babel Info: Redefining russian shorthand "|
(babel)             in language append on input line 356.
Package babel Info: Redefining russian shorthand "~
(babel)             in language append on input line 356.
Package babel Info: Redefining russian shorthand "|
(babel)             in language append on input line 356.
Package babel Info: Redefining russian shorthand "~
(babel)             in language append on input line 356.

[10

 <./RVD1Hill.png> <./RVD2Hill.png> <./Weibull12Hill.png> <./Weibull23Hill.png>]
Package babel Info: Redefining russian shorthand "|
(babel)             in language append on input line 358.
Package babel Info: Redefining russian shorthand "~
(babel)             in language append on input line 358.
Package babel Info: Redefining russian shorthand "|
(babel)             in language append on input line 383.
Package babel Info: Redefining russian shorthand "~
(babel)             in language append on input line 383.
Package babel Info: Redefining russian shorthand "|
(babel)             in language append on input line 383.
Package babel Info: Redefining russian shorthand "~
(babel)             in language append on input line 383.
 [11

]
<GrouptEstimator150.png, id=181, 383.4325pt x 279.0425pt>
File: GrouptEstimator150.png Graphic file (type png)
<use GrouptEstimator150.png>
Package pdftex.def Info: GrouptEstimator150.png  used on input line 387.
(pdftex.def)             Requested size: 213.96527pt x 155.71346pt.
<GrouptEstimator500.png, id=182, 377.41pt x 279.0425pt>
File: GrouptEstimator500.png Graphic file (type png)
<use GrouptEstimator500.png>
Package pdftex.def Info: GrouptEstimator500.png  used on input line 391.
(pdftex.def)             Requested size: 213.96527pt x 158.19579pt.
<GrouptEstimator1000.png, id=183, 393.47pt x 279.0425pt>
File: GrouptEstimator1000.png Graphic file (type png)
<use GrouptEstimator1000.png>
Package pdftex.def Info: GrouptEstimator1000.png  used on input line 395.
(pdftex.def)             Requested size: 213.96527pt x 151.73663pt.
Package atveryend Info: Empty hook `BeforeClearDocument' on input line 407.
Package babel Info: Redefining russian shorthand "|
(babel)             in language append on input line 407.
Package babel Info: Redefining russian shorthand "~
(babel)             in language append on input line 407.
Package babel Info: Redefining russian shorthand "|
(babel)             in language append on input line 407.
Package babel Info: Redefining russian shorthand "~
(babel)             in language append on input line 407.
 [12

 <./GrouptEstimator150.png> <./GrouptEstimator500.png> <./GrouptEstimator1000.p
ng>]
Package atveryend Info: Empty hook `AfterLastShipout' on input line 407.
 (./GalkinVA_PracticalTask.aux)
Package atveryend Info: Executing hook `AtVeryEndDocument' on input line 407.
Package atveryend Info: Executing hook `AtEndAfterFileList' on input line 407.
Package rerunfilecheck Info: File `GalkinVA_PracticalTask.out' has not changed.

(rerunfilecheck)             Checksum: 7548906C546EB04A0206B340CF0E0328;793.


LaTeX Warning: There were multiply-defined labels.

Package atveryend Info: Empty hook `AtVeryVeryEnd' on input line 407.
 )
(\end occurred inside a group at level 2)

### simple group (level 2) entered at line 411 ({)
### simple group (level 1) entered at line 401 ({)
### bottom level 
Here is how much of TeX's memory you used:
 11621 strings out of 492982
 164270 string characters out of 6134896
 246045 words of memory out of 5000000
 14973 multiletter control sequences out of 15000+600000
 16332 words of font info for 42 fonts, out of 8000000 for 9000
 1141 hyphenation exceptions out of 8191
 43i,9n,40p,1136b,1576s stack positions out of 5000i,500n,10000p,200000b,80000s
{/usr/share/texmf/fonts/enc/dvips/cm-super/cm-super-t2a.enc}</u
sr/share/texlive/texmf-dist/fonts/type1/public/amsfonts/cm/cmex10.pfb></usr/sha
re/texlive/texmf-dist/fonts/type1/public/amsfonts/cm/cmmi12.pfb></usr/share/tex
live/texmf-dist/fonts/type1/public/amsfonts/cm/cmmi6.pfb></usr/share/texlive/te
xmf-dist/fonts/type1/public/amsfonts/cm/cmmi8.pfb></usr/share/texlive/texmf-dis
t/fonts/type1/public/amsfonts/cm/cmr12.pfb></usr/share/texlive/texmf-dist/fonts
/type1/public/amsfonts/cm/cmr6.pfb></usr/share/texlive/texmf-dist/fonts/type1/p
ublic/amsfonts/cm/cmr8.pfb></usr/share/texlive/texmf-dist/fonts/type1/public/am
sfonts/cm/cmsy10.pfb></usr/share/texlive/texmf-dist/fonts/type1/public/amsfonts
/cm/cmsy8.pfb></usr/share/texmf/fonts/type1/public/cm-super/sfbx1200.pfb></usr/
share/texmf/fonts/type1/public/cm-super/sfbx1728.pfb></usr/share/texmf/fonts/ty
pe1/public/cm-super/sfcc1440.pfb></usr/share/texmf/fonts/type1/public/cm-super/
sfrm1000.pfb></usr/share/texmf/fonts/type1/public/cm-super/sfrm1200.pfb></usr/s
hare/texmf/fonts/type1/public/cm-super/sfrm1440.pfb></usr/share/texmf/fonts/typ
e1/public/cm-super/sfrm2074.pfb>
Output written on GalkinVA_PracticalTask.pdf (13 pages, 624392 bytes).
PDF statistics:
 258 PDF objects out of 1000 (max. 8388607)
 173 compressed objects within 2 object streams
 48 named destinations out of 1000 (max. 500000)
 197 words of extra memory for PDF output out of 10000 (max. 10000000)

